<?xml version="1.0" encoding="UTF-8"?>
<testsuites name="TS1001 Search by Keyword" time="21.105" tests="3" failures="0" errors="0">
   <testsuite name="TS1001 Search by Keyword" tests="3" failures="0" errors="0" time="21.105" skipped="0" timestamp="2565-12-16 12:26:19" hostname="Administrator - 10.53.16.112" id="Test Suites/TS1001 Search by Keyword">
      <properties>
         <property name="deviceName" value=""/>
         <property name="devicePlatform" value=""/>
         <property name="logFolder" value="C:\\Users\\Administrator\\Katalon Studio\\TestingMethod2\\Reports\\25651216_122608\\TS1001 Search by Keyword\\25651216_122609"/>
         <property name="logFiles" value="C:\\Users\\Administrator\\Katalon Studio\\TestingMethod2\\Reports\\25651216_122608\\TS1001 Search by Keyword\\25651216_122609\\execution0.log"/>
         <property name="attachments" value=""/>
         <property name="hostName" value="Administrator - 10.53.16.112"/>
         <property name="os" value="Windows 10 64bit"/>
         <property name="katalonVersion" value="8.5.5.208"/>
         <property name="browser" value="Chrome 107.0.0.0"/>
         <property name="hostAddress" value="10.53.16.112"/>
         <property name="sessionId" value="1c7af2897e94235cf06632df9df64db9"/>
         <property name="seleniumVersion" value="3.141.59"/>
         <property name="proxyInformation" value="ProxyInformation { proxyOption=NO_PROXY, proxyServerType=HTTP, username=, password=********, proxyServerAddress=, proxyServerPort=0, executionList=&quot;&quot;, isApplyToDesiredCapabilities=true }"/>
         <property name="platform" value="Windows 10"/>
      </properties>
      <testcase name="Test Cases/TC1001 Search By Keyword" time="7.76" classname="Test Cases/TC1001 Search By Keyword" status="PASSED">
         <system-out><![CDATA[2565-12-16 12:26:19 - [TEST_CASE][PASSED] - Test Cases/TC1001 Search By Keyword: Test Cases/TC1001 Search By Keyword

2565-12-16 12:26:20 - [TEST_STEP][PASSED] - openBrowser(""): Browser is opened with url: ''

2565-12-16 12:26:20 - [MESSAGE][INFO] - Starting 'Chrome' driver

2565-12-16 12:26:20 - [MESSAGE][INFO] - Action delay is set to 0 milliseconds

2565-12-16 12:26:22 - [MESSAGE][PASSED] - Browser is opened with url: ''

2565-12-16 12:26:22 - [TEST_STEP][PASSED] - navigateToUrl("https://www.google.com"): Navigate to 'https://www.google.com' successfully

2565-12-16 12:26:22 - [MESSAGE][PASSED] - Navigate to 'https://www.google.com' successfully

2565-12-16 12:26:22 - [TEST_STEP][PASSED] - setText(findTestObject("Page_Google/input__q"), "NPRU"): Text 'NPRU' is set on object 'Object Repository/Page_Google/input__q'

2565-12-16 12:26:23 - [MESSAGE][PASSED] - Text 'NPRU' is set on object 'Object Repository/Page_Google/input__q'

2565-12-16 12:26:23 - [TEST_STEP][PASSED] - click(findTestObject("Page_Google/input__btnK")): Object: 'Object Repository/Page_Google/input__btnK' is clicked on

2565-12-16 12:26:26 - [MESSAGE][PASSED] - Object: 'Object Repository/Page_Google/input__btnK' is clicked on

2565-12-16 12:26:26 - [TEST_STEP][PASSED] - verifyTextPresent("มหาวิทยาลัยราชภัฏนครปฐม", false): Text 'มหาวิทยาลัยราชภัฏนครปฐม' is present on page 

2565-12-16 12:26:27 - [MESSAGE][PASSED] - Text 'มหาวิทยาลัยราชภัฏนครปฐม' is present on page 

2565-12-16 12:26:27 - [TEST_STEP][PASSED] - closeBrowser(): Browser is closed

2565-12-16 12:26:27 - [MESSAGE][PASSED] - Browser is closed]]></system-out>
         <system-err><![CDATA[]]></system-err>
      </testcase>
      <testcase name="Test Cases/TC1002 Search By Keyword" time="6.871" classname="Test Cases/TC1002 Search By Keyword" status="PASSED">
         <system-out><![CDATA[2565-12-16 12:26:27 - [TEST_CASE][PASSED] - Test Cases/TC1002 Search By Keyword: Test Cases/TC1002 Search By Keyword

2565-12-16 12:26:27 - [TEST_STEP][PASSED] - openBrowser(""): Browser is opened with url: ''

2565-12-16 12:26:27 - [MESSAGE][INFO] - Starting 'Chrome' driver

2565-12-16 12:26:27 - [MESSAGE][INFO] - Action delay is set to 0 milliseconds

2565-12-16 12:26:29 - [MESSAGE][PASSED] - Browser is opened with url: ''

2565-12-16 12:26:29 - [TEST_STEP][PASSED] - navigateToUrl("https://www.google.com"): Navigate to 'https://www.google.com' successfully

2565-12-16 12:26:29 - [MESSAGE][PASSED] - Navigate to 'https://www.google.com' successfully

2565-12-16 12:26:29 - [TEST_STEP][PASSED] - setText(findTestObject("Page_Google/input__q"), "KRU"): Text 'KRU' is set on object 'Object Repository/Page_Google/input__q'

2565-12-16 12:26:30 - [MESSAGE][PASSED] - Text 'KRU' is set on object 'Object Repository/Page_Google/input__q'

2565-12-16 12:26:30 - [TEST_STEP][PASSED] - click(findTestObject("Page_Google/input__btnK")): Object: 'Object Repository/Page_Google/input__btnK' is clicked on

2565-12-16 12:26:33 - [MESSAGE][PASSED] - Object: 'Object Repository/Page_Google/input__btnK' is clicked on

2565-12-16 12:26:33 - [TEST_STEP][PASSED] - verifyTextPresent("มหาวิทยาลัยราชภัฏกาญจนบุรี", false): Text 'มหาวิทยาลัยราชภัฏกาญจนบุรี' is present on page 

2565-12-16 12:26:33 - [MESSAGE][PASSED] - Text 'มหาวิทยาลัยราชภัฏกาญจนบุรี' is present on page 

2565-12-16 12:26:33 - [TEST_STEP][PASSED] - closeBrowser(): Browser is closed

2565-12-16 12:26:34 - [MESSAGE][PASSED] - Browser is closed]]></system-out>
         <system-err><![CDATA[]]></system-err>
      </testcase>
      <testcase name="Test Cases/TC1003 Search By Keyword" time="6.272" classname="Test Cases/TC1003 Search By Keyword" status="PASSED">
         <system-out><![CDATA[2565-12-16 12:26:34 - [TEST_CASE][PASSED] - Test Cases/TC1003 Search By Keyword: Test Cases/TC1003 Search By Keyword

2565-12-16 12:26:34 - [TEST_STEP][PASSED] - openBrowser(""): Browser is opened with url: ''

2565-12-16 12:26:34 - [MESSAGE][INFO] - Starting 'Chrome' driver

2565-12-16 12:26:34 - [MESSAGE][INFO] - Action delay is set to 0 milliseconds

2565-12-16 12:26:35 - [MESSAGE][PASSED] - Browser is opened with url: ''

2565-12-16 12:26:35 - [TEST_STEP][PASSED] - navigateToUrl("https://www.google.com"): Navigate to 'https://www.google.com' successfully

2565-12-16 12:26:36 - [MESSAGE][PASSED] - Navigate to 'https://www.google.com' successfully

2565-12-16 12:26:36 - [TEST_STEP][PASSED] - setText(findTestObject("Page_Google/input__q"), "chandra"): Text 'chandra' is set on object 'Object Repository/Page_Google/input__q'

2565-12-16 12:26:37 - [MESSAGE][PASSED] - Text 'chandra' is set on object 'Object Repository/Page_Google/input__q'

2565-12-16 12:26:37 - [TEST_STEP][PASSED] - click(findTestObject("Page_Google/input__btnK")): Object: 'Object Repository/Page_Google/input__btnK' is clicked on

2565-12-16 12:26:39 - [MESSAGE][PASSED] - Object: 'Object Repository/Page_Google/input__btnK' is clicked on

2565-12-16 12:26:39 - [TEST_STEP][PASSED] - verifyTextPresent("มหาวิทยาลัยราชภัฏจันทรเกษม", false): Text 'มหาวิทยาลัยราชภัฏจันทรเกษม' is present on page 

2565-12-16 12:26:40 - [MESSAGE][PASSED] - Text 'มหาวิทยาลัยราชภัฏจันทรเกษม' is present on page 

2565-12-16 12:26:40 - [TEST_STEP][PASSED] - closeBrowser(): Browser is closed

2565-12-16 12:26:40 - [MESSAGE][PASSED] - Browser is closed]]></system-out>
         <system-err><![CDATA[]]></system-err>
      </testcase>
      <system-out><![CDATA[2565-12-16 12:26:19 - [TEST_SUITE][PASSED] - TS1001 Search by Keyword: Test Cases/TC1003 Search By Keyword]]></system-out>
      <system-err><![CDATA[]]></system-err>
   </testsuite>
</testsuites>
